2024-07-16 18:35:44,320 - INFO - Session file found for 8801944281873: 8801944281873.session
2024-07-16 18:35:44,321 - INFO - Connecting to 91.108.56.101:443/TcpFull...
2024-07-16 18:35:44,368 - INFO - Connection to 91.108.56.101:443/TcpFull complete!
2024-07-16 18:35:44,776 - INFO - Checking: 14254949679 ...
2024-07-16 18:35:44,975 - INFO - Done.
2024-07-16 18:35:44,975 - ERROR - Error for 14254949679: No response, the phone number is not on Telegram or has blocked contact adding.
2024-07-16 18:35:49,978 - INFO - Checking: 14254949680 ...
2024-07-16 18:35:50,111 - INFO - Done.
2024-07-16 18:35:50,112 - ERROR - Error for 14254949680: No response, the phone number is not on Telegram or has blocked contact adding.
2024-07-16 18:35:55,118 - INFO - Checking: 14254949681 ...
2024-07-16 18:35:55,191 - INFO - Done.
2024-07-16 18:35:55,191 - ERROR - Error for 14254949681: No response, the phone number is not on Telegram or has blocked contact adding.
2024-07-16 18:36:00,194 - INFO - Checking: 14254949682 ...
2024-07-16 18:36:00,270 - INFO - Done.
2024-07-16 18:36:00,270 - ERROR - Error for 14254949682: No response, the phone number is not on Telegram or has blocked contact adding.
2024-07-16 18:36:05,274 - INFO - Checking: 14254949683 ...
2024-07-16 18:36:05,338 - INFO - Done.
2024-07-16 18:36:05,338 - ERROR - Error for 14254949683: No response, the phone number is not on Telegram or has blocked contact adding.
2024-07-16 18:36:10,342 - INFO - Checking: 14254949684 ...
2024-07-16 18:36:10,503 - INFO - Done.
2024-07-16 18:36:10,503 - ERROR - Error for 14254949684: No response, the phone number is not on Telegram or has blocked contact adding.
2024-07-16 18:36:19,566 - INFO - Session file found for 8801944281873: 8801944281873.session
2024-07-16 18:36:19,566 - INFO - Connecting to 91.108.56.101:443/TcpFull...
2024-07-16 18:36:19,618 - INFO - Connection to 91.108.56.101:443/TcpFull complete!
2024-07-16 18:36:19,876 - INFO - Checking: 14254949685 ...
2024-07-16 18:36:19,969 - INFO - Done.
2024-07-16 18:36:19,969 - ERROR - Error for 14254949685: No response, the phone number is not on Telegram or has blocked contact adding.
2024-07-16 18:36:29,101 - INFO - Logging in...
2024-07-16 18:36:29,228 - INFO - Session file found for 8801944281873: 8801944281873.session
2024-07-16 18:36:29,228 - INFO - Session file found for 14254949689: 14254949689.session
2024-07-16 18:36:29,229 - INFO - Connecting to 149.154.175.52:443/TcpFull...
2024-07-16 18:36:29,992 - INFO - Connection to 149.154.175.52:443/TcpFull complete!
2024-07-16 18:36:46,941 - INFO - Session file found for 8801944281873: 8801944281873.session
2024-07-16 18:36:46,942 - INFO - Connecting to 91.108.56.101:443/TcpFull...
2024-07-16 18:36:56,953 - WARNING - Attempt 1 at connecting failed: TimeoutError: 
2024-07-16 18:36:58,003 - INFO - Connection to 91.108.56.101:443/TcpFull complete!
2024-07-16 18:36:58,465 - INFO - Checking: 14254949686 ...
2024-07-16 18:36:58,630 - INFO - Done.
2024-07-16 18:36:58,630 - ERROR - Error for 14254949686: No response, the phone number is not on Telegram or has blocked contact adding.
2024-07-16 18:37:03,636 - INFO - Checking: 14254949687 ...
2024-07-16 18:37:03,718 - INFO - Done.
2024-07-16 18:37:03,718 - ERROR - Error for 14254949687: No response, the phone number is not on Telegram or has blocked contact adding.
2024-07-16 18:37:08,724 - INFO - Checking: 14254949688 ...
2024-07-16 18:37:08,804 - INFO - Done.
2024-07-16 18:37:08,804 - ERROR - Error for 14254949688: No response, the phone number is not on Telegram or has blocked contact adding.
2024-07-16 18:37:13,810 - INFO - Checking: 14254949689 ...
2024-07-16 18:37:13,964 - INFO - Done.
2024-07-16 18:37:14,027 - INFO - Results saved to results.xlsx
2024-07-16 18:37:19,030 - INFO - Checking: 14254949690 ...
2024-07-16 18:37:19,101 - INFO - Done.
2024-07-16 18:37:19,101 - ERROR - Error for 14254949690: No response, the phone number is not on Telegram or has blocked contact adding.
2024-07-16 18:37:24,107 - INFO - Checking: 14254949691 ...
2024-07-16 18:37:24,198 - INFO - Done.
2024-07-16 18:37:24,198 - ERROR - Error for 14254949691: No response, the phone number is not on Telegram or has blocked contact adding.
2024-07-16 18:37:29,204 - INFO - Checking: 14254949692 ...
2024-07-16 18:37:29,423 - INFO - Done.
2024-07-16 18:37:29,423 - ERROR - Error for 14254949692: No response, the phone number is not on Telegram or has blocked contact adding.
2024-07-16 18:37:34,429 - INFO - Checking: 14254949693 ...
2024-07-16 18:37:34,499 - INFO - Done.
2024-07-16 18:37:34,499 - ERROR - Error for 14254949693: No response, the phone number is not on Telegram or has blocked contact adding.
2024-07-16 18:37:39,505 - INFO - Checking: 14254949694 ...
2024-07-16 18:37:39,572 - INFO - Done.
2024-07-16 18:37:39,572 - ERROR - Error for 14254949694: No response, the phone number is not on Telegram or has blocked contact adding.
2024-07-16 18:37:44,578 - INFO - Disconnecting from 91.108.56.101:443/TcpFull...
2024-07-16 18:37:44,579 - INFO - Disconnection from 91.108.56.101:443/TcpFull complete!
2024-07-16 18:37:44,593 - INFO - Session file found for 14254949689: 14254949689.session
2024-07-16 18:37:44,594 - INFO - Connecting to 149.154.175.52:443/TcpFull...
2024-07-16 18:37:44,870 - INFO - Connection to 149.154.175.52:443/TcpFull complete!
2024-07-16 18:37:46,381 - INFO - Checking: 14254949695 ...
2024-07-16 18:37:47,468 - INFO - Done.
2024-07-16 18:37:47,468 - ERROR - Error for 14254949695: No response, the phone number is not on Telegram or has blocked contact adding.
2024-07-16 18:37:52,474 - INFO - Checking: 14254949696 ...
2024-07-16 18:37:53,161 - INFO - Done.
2024-07-16 18:37:53,196 - INFO - Results saved to results.xlsx
2024-07-16 18:37:58,202 - INFO - Checking: 14254949697 ...
2024-07-16 18:37:58,606 - INFO - Done.
2024-07-16 18:37:58,607 - ERROR - Error for 14254949697: No response, the phone number is not on Telegram or has blocked contact adding.
2024-07-16 18:38:03,613 - INFO - Checking: 14254949698 ...
2024-07-16 18:38:04,219 - INFO - Done.
2024-07-16 18:38:04,266 - INFO - Results saved to results.xlsx
2024-07-16 18:38:04,270 - INFO - Got difference for account updates
2024-07-16 18:38:09,270 - INFO - Checking: 14254949699 ...
2024-07-16 18:38:09,693 - INFO - Done.
2024-07-16 18:38:09,694 - ERROR - Error for 14254949699: No response, the phone number is not on Telegram or has blocked contact adding.
2024-07-16 18:38:14,699 - INFO - Disconnecting from 149.154.175.52:443/TcpFull...
2024-07-16 18:38:14,701 - INFO - Disconnection from 149.154.175.52:443/TcpFull complete!
2024-07-16 18:38:14,715 - WARNING - No session file found for 17077021849.
2024-07-16 18:38:14,715 - WARNING - No session file found for 19737957603.
2024-07-16 18:44:51,403 - INFO - Session file found for 8801944281873: 8801944281873.session
2024-07-16 18:44:51,404 - INFO - Connecting to 91.108.56.101:443/TcpFull...
2024-07-16 18:44:51,452 - INFO - Connection to 91.108.56.101:443/TcpFull complete!
2024-07-16 18:44:51,709 - INFO - Checking: 14254949678 ...
2024-07-16 18:44:51,793 - INFO - Done.
2024-07-16 18:44:51,793 - ERROR - Error for 14254949678: No response, the phone number is not on Telegram or has blocked contact adding.
2024-07-16 18:44:56,799 - INFO - Checking: 14254949679 ...
2024-07-16 18:44:56,871 - INFO - Done.
2024-07-16 18:44:56,871 - ERROR - Error for 14254949679: No response, the phone number is not on Telegram or has blocked contact adding.
2024-07-16 18:45:01,877 - INFO - Checking: 14254949680 ...
2024-07-16 18:45:01,946 - INFO - Done.
2024-07-16 18:45:01,947 - ERROR - Error for 14254949680: No response, the phone number is not on Telegram or has blocked contact adding.
2024-07-16 18:45:06,950 - INFO - Checking: 14254949681 ...
2024-07-16 18:45:07,025 - INFO - Done.
2024-07-16 18:45:07,025 - ERROR - Error for 14254949681: No response, the phone number is not on Telegram or has blocked contact adding.
